<?xml version="1.0" encoding="UTF-8"?>
<testsuite xmlns:xsi="http://www.w3.org/2001/XMLSchema-instance" xsi:noNamespaceSchemaLocation="https://maven.apache.org/surefire/maven-surefire-plugin/xsd/surefire-test-report-3.0.xsd" version="3.0" name="com.common.TestSuit" time="0.251" tests="5" errors="1" skipped="0" failures="0">
  <properties>
[...]
</properties>
  <testcase name="divideTestThrowsException" classname="com.calapp.CalculatorTest" time="0"/>
  <testcase name="addTest" classname="com.calapp.CalculatorTest" time="0"/>
  <testcase name="mulTest" classname="com.calapp.CalculatorTest" time="0"/>
  <testcase name="divideTestPositive" classname="com.calapp.CalculatorTest" time="0"/>
  <testcase name="getCity" classname="com.cityapp.CityApiTest" time="0.238">
    <error message="test timed out after 200 milliseconds" type="org.junit.runners.model.TestTimedOutException"><![CDATA[org.junit.runners.model.TestTimedOutException: test timed out after 200 milliseconds
	at app//com.cityapp.CityApiTest.getCity(CityApiTest.java:19)
]]></error>
  </testcase>
</testsuite>