-------------------------------------------------------------------------------
Test set: com.common.TestSuit
-------------------------------------------------------------------------------
Tests run: 5, Failures: 0, Errors: 1, Skipped: 0, Time elapsed: 0.251 s <<< FAILURE! - in com.common.TestSuit
com.cityapp.CityApiTest.getCity  Time elapsed: 0.238 s  <<< ERROR!
org.junit.runners.model.TestTimedOutException: test timed out after 200 milliseconds
	at app//com.cityapp.CityApiTest.getCity(CityApiTest.java:19)

